[0.013s] Invoking command in '/home/ulti/sam_bot_description/build/sam_bot_description': CMAKE_PREFIX_PATH=${CMAKE_PREFIX_PATH}:/opt/ros/humble /usr/bin/cmake --build /home/ulti/sam_bot_description/build/sam_bot_description -- -j4 -l4
[0.044s] Invoked command in '/home/ulti/sam_bot_description/build/sam_bot_description' returned '0': CMAKE_PREFIX_PATH=${CMAKE_PREFIX_PATH}:/opt/ros/humble /usr/bin/cmake --build /home/ulti/sam_bot_description/build/sam_bot_description -- -j4 -l4
[0.085s] Invoking command in '/home/ulti/sam_bot_description/build/sam_bot_description': CMAKE_PREFIX_PATH=${CMAKE_PREFIX_PATH}:/opt/ros/humble /usr/bin/cmake --install /home/ulti/sam_bot_description/build/sam_bot_description
[0.096s] -- Install configuration: ""
[0.097s] -- Up-to-date: /home/ulti/sam_bot_description/install/sam_bot_description/share/sam_bot_description/src
[0.097s] -- Up-to-date: /home/ulti/sam_bot_description/install/sam_bot_description/share/sam_bot_description/src/description
[0.098s] -- Up-to-date: /home/ulti/sam_bot_description/install/sam_bot_description/share/sam_bot_description/src/description/sam_bot_description.urdf
[0.098s] -- Up-to-date: /home/ulti/sam_bot_description/install/sam_bot_description/share/sam_bot_description/launch
[0.098s] -- Up-to-date: /home/ulti/sam_bot_description/install/sam_bot_description/share/sam_bot_description/launch/display.launch.py
[0.098s] -- Up-to-date: /home/ulti/sam_bot_description/install/sam_bot_description/share/sam_bot_description/rviz
[0.099s] -- Up-to-date: /home/ulti/sam_bot_description/install/sam_bot_description/share/sam_bot_description/rviz/urdf_config.rviz
[0.099s] -- Up-to-date: /home/ulti/sam_bot_description/install/sam_bot_description/share/ament_index/resource_index/package_run_dependencies/sam_bot_description
[0.103s] -- Up-to-date: /home/ulti/sam_bot_description/install/sam_bot_description/share/ament_index/resource_index/parent_prefix_path/sam_bot_description
[0.103s] -- Up-to-date: /home/ulti/sam_bot_description/install/sam_bot_description/share/sam_bot_description/environment/ament_prefix_path.sh
[0.103s] -- Up-to-date: /home/ulti/sam_bot_description/install/sam_bot_description/share/sam_bot_description/environment/ament_prefix_path.dsv
[0.103s] -- Up-to-date: /home/ulti/sam_bot_description/install/sam_bot_description/share/sam_bot_description/environment/path.sh
[0.105s] -- Up-to-date: /home/ulti/sam_bot_description/install/sam_bot_description/share/sam_bot_description/environment/path.dsv
[0.106s] -- Up-to-date: /home/ulti/sam_bot_description/install/sam_bot_description/share/sam_bot_description/local_setup.bash
[0.106s] -- Up-to-date: /home/ulti/sam_bot_description/install/sam_bot_description/share/sam_bot_description/local_setup.sh
[0.106s] -- Up-to-date: /home/ulti/sam_bot_description/install/sam_bot_description/share/sam_bot_description/local_setup.zsh
[0.106s] -- Up-to-date: /home/ulti/sam_bot_description/install/sam_bot_description/share/sam_bot_description/local_setup.dsv
[0.106s] -- Installing: /home/ulti/sam_bot_description/install/sam_bot_description/share/sam_bot_description/package.dsv
[0.107s] -- Up-to-date: /home/ulti/sam_bot_description/install/sam_bot_description/share/ament_index/resource_index/packages/sam_bot_description
[0.107s] -- Up-to-date: /home/ulti/sam_bot_description/install/sam_bot_description/share/sam_bot_description/cmake/sam_bot_descriptionConfig.cmake
[0.108s] -- Up-to-date: /home/ulti/sam_bot_description/install/sam_bot_description/share/sam_bot_description/cmake/sam_bot_descriptionConfig-version.cmake
[0.108s] -- Up-to-date: /home/ulti/sam_bot_description/install/sam_bot_description/share/sam_bot_description/package.xml
[0.110s] Invoked command in '/home/ulti/sam_bot_description/build/sam_bot_description' returned '0': CMAKE_PREFIX_PATH=${CMAKE_PREFIX_PATH}:/opt/ros/humble /usr/bin/cmake --install /home/ulti/sam_bot_description/build/sam_bot_description
