[0.012s] Invoking command in '/home/ulti/sam_bot_description/build/sam_bot_description': CMAKE_PREFIX_PATH=${CMAKE_PREFIX_PATH}:/opt/ros/humble /usr/bin/cmake --build /home/ulti/sam_bot_description/build/sam_bot_description -- -j4 -l4
[0.028s] -- Found ament_cmake: 1.3.3 (/opt/ros/humble/share/ament_cmake/cmake)
[0.191s] -- Found ament_lint_auto: 0.12.4 (/opt/ros/humble/share/ament_lint_auto/cmake)
[0.279s] -- Added test 'cppcheck' to perform static code analysis on C / C++ code
[0.279s] -- Configured cppcheck include dirs: 
[0.279s] -- Configured cppcheck exclude dirs and/or files: 
[0.280s] -- Added test 'flake8' to check Python code syntax and style conventions
[0.282s] -- Added test 'lint_cmake' to check CMake code style
[0.283s] -- Added test 'pep257' to check Python code against some of the docstring style conventions in PEP 257
[0.288s] -- Added test 'uncrustify' to check C / C++ code style
[0.288s] -- Configured uncrustify additional arguments: 
[0.289s] -- Added test 'xmllint' to check XML markup files
[0.290s] -- Configuring done
[0.293s] -- Generating done
[0.293s] -- Build files have been written to: /home/ulti/sam_bot_description/build/sam_bot_description
[0.309s] Invoked command in '/home/ulti/sam_bot_description/build/sam_bot_description' returned '0': CMAKE_PREFIX_PATH=${CMAKE_PREFIX_PATH}:/opt/ros/humble /usr/bin/cmake --build /home/ulti/sam_bot_description/build/sam_bot_description -- -j4 -l4
[0.331s] Invoking command in '/home/ulti/sam_bot_description/build/sam_bot_description': CMAKE_PREFIX_PATH=${CMAKE_PREFIX_PATH}:/opt/ros/humble /usr/bin/cmake --install /home/ulti/sam_bot_description/build/sam_bot_description
[0.337s] -- Install configuration: ""
[0.337s] -- Installing: /home/ulti/sam_bot_description/install/sam_bot_description/share/sam_bot_description/src
[0.337s] -- Installing: /home/ulti/sam_bot_description/install/sam_bot_description/share/sam_bot_description/src/description
[0.338s] -- Installing: /home/ulti/sam_bot_description/install/sam_bot_description/share/sam_bot_description/src/description/sam_bot_description.urdf
[0.338s] -- Installing: /home/ulti/sam_bot_description/install/sam_bot_description/share/sam_bot_description/launch
[0.339s] -- Installing: /home/ulti/sam_bot_description/install/sam_bot_description/share/sam_bot_description/launch/display.launch.py
[0.339s] -- Installing: /home/ulti/sam_bot_description/install/sam_bot_description/share/sam_bot_description/rviz
[0.339s] -- Installing: /home/ulti/sam_bot_description/install/sam_bot_description/share/sam_bot_description/rviz/urdf_config.rviz
[0.339s] -- Up-to-date: /home/ulti/sam_bot_description/install/sam_bot_description/share/ament_index/resource_index/package_run_dependencies/sam_bot_description
[0.339s] -- Installing: /home/ulti/sam_bot_description/install/sam_bot_description/share/ament_index/resource_index/parent_prefix_path/sam_bot_description
[0.339s] -- Up-to-date: /home/ulti/sam_bot_description/install/sam_bot_description/share/sam_bot_description/environment/ament_prefix_path.sh
[0.340s] -- Installing: /home/ulti/sam_bot_description/install/sam_bot_description/share/sam_bot_description/environment/ament_prefix_path.dsv
[0.340s] -- Up-to-date: /home/ulti/sam_bot_description/install/sam_bot_description/share/sam_bot_description/environment/path.sh
[0.341s] -- Installing: /home/ulti/sam_bot_description/install/sam_bot_description/share/sam_bot_description/environment/path.dsv
[0.343s] -- Up-to-date: /home/ulti/sam_bot_description/install/sam_bot_description/share/sam_bot_description/local_setup.bash
[0.343s] -- Up-to-date: /home/ulti/sam_bot_description/install/sam_bot_description/share/sam_bot_description/local_setup.sh
[0.344s] -- Up-to-date: /home/ulti/sam_bot_description/install/sam_bot_description/share/sam_bot_description/local_setup.zsh
[0.344s] -- Installing: /home/ulti/sam_bot_description/install/sam_bot_description/share/sam_bot_description/local_setup.dsv
[0.346s] -- Installing: /home/ulti/sam_bot_description/install/sam_bot_description/share/sam_bot_description/package.dsv
[0.346s] -- Up-to-date: /home/ulti/sam_bot_description/install/sam_bot_description/share/ament_index/resource_index/packages/sam_bot_description
[0.346s] -- Up-to-date: /home/ulti/sam_bot_description/install/sam_bot_description/share/sam_bot_description/cmake/sam_bot_descriptionConfig.cmake
[0.347s] -- Up-to-date: /home/ulti/sam_bot_description/install/sam_bot_description/share/sam_bot_description/cmake/sam_bot_descriptionConfig-version.cmake
[0.348s] -- Up-to-date: /home/ulti/sam_bot_description/install/sam_bot_description/share/sam_bot_description/package.xml
[0.348s] Invoked command in '/home/ulti/sam_bot_description/build/sam_bot_description' returned '0': CMAKE_PREFIX_PATH=${CMAKE_PREFIX_PATH}:/opt/ros/humble /usr/bin/cmake --install /home/ulti/sam_bot_description/build/sam_bot_description
