[0.014s] Invoking command in '/home/ulti/sam_bot_description/build/sam_bot_description': CMAKE_PREFIX_PATH=${CMAKE_PREFIX_PATH}:/opt/ros/humble /usr/bin/cmake --build /home/ulti/sam_bot_description/build/sam_bot_description -- -j4 -l4
[0.034s] -- Found ament_cmake: 1.3.3 (/opt/ros/humble/share/ament_cmake/cmake)
[0.160s] -- Found ament_lint_auto: 0.12.4 (/opt/ros/humble/share/ament_lint_auto/cmake)
[0.229s] -- Added test 'cppcheck' to perform static code analysis on C / C++ code
[0.229s] -- Configured cppcheck include dirs: 
[0.229s] -- Configured cppcheck exclude dirs and/or files: 
[0.230s] -- Added test 'flake8' to check Python code syntax and style conventions
[0.232s] -- Added test 'lint_cmake' to check CMake code style
[0.233s] -- Added test 'pep257' to check Python code against some of the docstring style conventions in PEP 257
[0.239s] -- Added test 'uncrustify' to check C / C++ code style
[0.239s] -- Configured uncrustify additional arguments: 
[0.241s] -- Added test 'xmllint' to check XML markup files
[0.241s] -- Configuring done
[0.247s] -- Generating done
[0.249s] -- Build files have been written to: /home/ulti/sam_bot_description/build/sam_bot_description
[0.264s] Invoked command in '/home/ulti/sam_bot_description/build/sam_bot_description' returned '0': CMAKE_PREFIX_PATH=${CMAKE_PREFIX_PATH}:/opt/ros/humble /usr/bin/cmake --build /home/ulti/sam_bot_description/build/sam_bot_description -- -j4 -l4
[0.286s] Invoking command in '/home/ulti/sam_bot_description/build/sam_bot_description': CMAKE_PREFIX_PATH=${CMAKE_PREFIX_PATH}:/opt/ros/humble /usr/bin/cmake --install /home/ulti/sam_bot_description/build/sam_bot_description
[0.290s] -- Install configuration: ""
[0.290s] -- Up-to-date: /home/ulti/sam_bot_description/install/sam_bot_description/share/sam_bot_description/src
[0.290s] -- Up-to-date: /home/ulti/sam_bot_description/install/sam_bot_description/share/sam_bot_description/src/description
[0.290s] -- Up-to-date: /home/ulti/sam_bot_description/install/sam_bot_description/share/sam_bot_description/src/description/sam_bot_description.urdf
[0.290s] -- Up-to-date: /home/ulti/sam_bot_description/install/sam_bot_description/share/sam_bot_description/launch
[0.290s] -- Installing: /home/ulti/sam_bot_description/install/sam_bot_description/share/sam_bot_description/launch/display.launch.py
[0.291s] -- Up-to-date: /home/ulti/sam_bot_description/install/sam_bot_description/share/sam_bot_description/rviz
[0.291s] -- Up-to-date: /home/ulti/sam_bot_description/install/sam_bot_description/share/sam_bot_description/rviz/urdf_config.rviz
[0.291s] -- Installing: /home/ulti/sam_bot_description/install/sam_bot_description/share/sam_bot_description/config
[0.291s] -- Installing: /home/ulti/sam_bot_description/install/sam_bot_description/share/sam_bot_description/config/ekf.yaml
[0.291s] -- Installing: /home/ulti/sam_bot_description/install/sam_bot_description/share/ament_index/resource_index/package_run_dependencies/sam_bot_description
[0.291s] -- Up-to-date: /home/ulti/sam_bot_description/install/sam_bot_description/share/ament_index/resource_index/parent_prefix_path/sam_bot_description
[0.291s] -- Up-to-date: /home/ulti/sam_bot_description/install/sam_bot_description/share/sam_bot_description/environment/ament_prefix_path.sh
[0.291s] -- Installing: /home/ulti/sam_bot_description/install/sam_bot_description/share/sam_bot_description/environment/ament_prefix_path.dsv
[0.291s] -- Up-to-date: /home/ulti/sam_bot_description/install/sam_bot_description/share/sam_bot_description/environment/path.sh
[0.291s] -- Installing: /home/ulti/sam_bot_description/install/sam_bot_description/share/sam_bot_description/environment/path.dsv
[0.291s] -- Up-to-date: /home/ulti/sam_bot_description/install/sam_bot_description/share/sam_bot_description/local_setup.bash
[0.291s] -- Up-to-date: /home/ulti/sam_bot_description/install/sam_bot_description/share/sam_bot_description/local_setup.sh
[0.291s] -- Up-to-date: /home/ulti/sam_bot_description/install/sam_bot_description/share/sam_bot_description/local_setup.zsh
[0.292s] -- Installing: /home/ulti/sam_bot_description/install/sam_bot_description/share/sam_bot_description/local_setup.dsv
[0.292s] -- Installing: /home/ulti/sam_bot_description/install/sam_bot_description/share/sam_bot_description/package.dsv
[0.292s] -- Up-to-date: /home/ulti/sam_bot_description/install/sam_bot_description/share/ament_index/resource_index/packages/sam_bot_description
[0.292s] -- Up-to-date: /home/ulti/sam_bot_description/install/sam_bot_description/share/sam_bot_description/cmake/sam_bot_descriptionConfig.cmake
[0.292s] -- Up-to-date: /home/ulti/sam_bot_description/install/sam_bot_description/share/sam_bot_description/cmake/sam_bot_descriptionConfig-version.cmake
[0.292s] -- Installing: /home/ulti/sam_bot_description/install/sam_bot_description/share/sam_bot_description/package.xml
[0.293s] Invoked command in '/home/ulti/sam_bot_description/build/sam_bot_description' returned '0': CMAKE_PREFIX_PATH=${CMAKE_PREFIX_PATH}:/opt/ros/humble /usr/bin/cmake --install /home/ulti/sam_bot_description/build/sam_bot_description
